\BOOKMARK [0][-]{chapter*.1}{\376\377\144\130\000\040\211\201}{}% 1
\BOOKMARK [0][-]{chapter*.2}{\376\377\000A\000B\000S\000T\000R\000A\000C\000T}{}% 2
\BOOKMARK [0][-]{section*.3}{\376\377\166\356\000\040\137\125}{}% 3
\BOOKMARK [0][-]{section*.5}{\376\377\126\376\166\356\137\125}{}% 4
\BOOKMARK [0][-]{section*.7}{\376\377\210\150\166\356\137\125}{}% 5
\BOOKMARK [0][-]{chapter.1}{\376\377\176\352\213\272}{}% 6
\BOOKMARK [1][-]{section.1.1}{\376\377\217\331\146\057\116\055\150\007\230\230}{chapter.1}% 7
\BOOKMARK [2][-]{subsection.1.1.1}{\376\377\217\331\146\057\134\017\150\007\230\230}{section.1.1}% 8
\BOOKMARK [1][-]{section.1.2}{\376\377\121\154\137\017}{chapter.1}% 9
\BOOKMARK [1][-]{section.1.3}{\376\377\162\171\153\212\173\046\123\367}{chapter.1}% 10
\BOOKMARK [1][-]{section.1.4}{\376\377\123\302\200\003\145\207\163\056\166\204\137\025\165\050}{chapter.1}% 11
\BOOKMARK [1][-]{section.1.5}{\376\377\150\007\160\271\173\046\123\367\166\204\220\011\142\351}{chapter.1}% 12
\BOOKMARK [1][-]{section.1.6}{\376\377\204\014\145\260\131\202\117\125\177\026\213\321}{chapter.1}% 13
\BOOKMARK [0][-]{chapter.2}{\376\377\143\322\121\145\126\376\210\150\116\345\123\312\131\202\117\125\137\025\165\050}{}% 14
\BOOKMARK [1][-]{section.2.1}{\376\377\210\150\150\074}{chapter.2}% 15
\BOOKMARK [1][-]{section.2.2}{\376\377\143\322\126\376}{chapter.2}% 16
\BOOKMARK [1][-]{section.2.3}{\376\377\143\322\121\145\156\220\116\343\170\001}{chapter.2}% 17
\BOOKMARK [1][-]{section.2.4}{\376\377\137\025\165\050\116\345\123\312\121\166\116\326\177\026\121\231\136\372\213\256}{chapter.2}% 18
\BOOKMARK [0][-]{section*.13}{\376\377\123\302\200\003\145\207\163\056}{}% 19
\BOOKMARK [0][-]{appendix.A}{\376\377\116\000\116\375\213\364\146\016}{}% 20
\BOOKMARK [1][-]{section.A.1}{\376\377\155\113\213\325\226\104\137\125\133\120\150\007\230\230}{appendix.A}% 21
\BOOKMARK [0][-]{appendix.B}{\376\377\123\346\116\000\116\375\213\364\146\016}{}% 22
\BOOKMARK [0][-]{appendix*.16}{\376\377\201\364\000\040\214\042}{}% 23
\BOOKMARK [0][-]{appendix*.18}{\376\377\145\073\213\373\123\132\130\353\133\146\117\115\147\037\225\364\123\321\210\150\166\204\133\146\147\057\213\272\145\207\124\214\123\302\122\240\171\321\170\024\140\305\121\265}{}% 24
